2018-07-25 13:07:27 [127.0.0.1][-][0svntass2001dn5cbhu1bacav7][error][yii\base\ErrorException:1] exception 'yii\base\ErrorException' with message 'Class 'Modal' not found' in W:\domains\localhost\Yii\views\site\index.php:32
Stack trace:
#0 [internal function]: yii\base\ErrorHandler->handleFatalError()
#1 {main}
2018-07-25 13:07:27 [127.0.0.1][-][0svntass2001dn5cbhu1bacav7][info][application] $_GET = [
    'r' => 'site/index'
]

$_POST = []

$_FILES = []

$_COOKIE = [
    '_csrf' => '8960c625c45e06e46a1ab1c499affb3ce530ddf0e212a6f7c2d248d367a12d59a:2:{i:0;s:5:\"_csrf\";i:1;s:32:\"F2UUQ5pnbaMFyd5ILG8xHxg1sbMEisUQ\";}'
    'PHPSESSID' => '0svntass2001dn5cbhu1bacav7'
]

$_SESSION = [
    '__flash' => []
    'id' => '53F907C6-5BDE-501C-B275-ED6CFF661555'
    '__captcha/site/captcha' => 'yikaka'
    '__captcha/site/captchacount' => 1
]

$_SERVER = [
    'HTTP_HOST' => 'localhost'
    'HTTP_CONNECTION' => 'keep-alive'
    'HTTP_UPGRADE_INSECURE_REQUESTS' => '1'
    'HTTP_USER_AGENT' => 'Mozilla/5.0 (Windows NT 6.3; Win64; x64) AppleWebKit/537.36 (KHTML, like Gecko) Chrome/67.0.3396.99 Safari/537.36'
    'HTTP_ACCEPT' => 'text/html,application/xhtml+xml,application/xml;q=0.9,image/webp,image/apng,*/*;q=0.8'
    'HTTP_REFERER' => 'http://localhost/Yii/web/index.php?r=site%2Fcontact'
    'HTTP_ACCEPT_ENCODING' => 'gzip, deflate, br'
    'HTTP_ACCEPT_LANGUAGE' => 'ru-RU,ru;q=0.9,en-US;q=0.8,en;q=0.7'
    'HTTP_COOKIE' => '_csrf=8960c625c45e06e46a1ab1c499affb3ce530ddf0e212a6f7c2d248d367a12d59a%3A2%3A%7Bi%3A0%3Bs%3A5%3A%22_csrf%22%3Bi%3A1%3Bs%3A32%3A%22F2UUQ5pnbaMFyd5ILG8xHxg1sbMEisUQ%22%3B%7D; PHPSESSID=0svntass2001dn5cbhu1bacav7'
    'PATH' => 'w:\\modules\\php\\PHP-5.6\\ext;w:\\modules\\php\\PHP-5.6\\pear;w:\\modules\\php\\PHP-5.6\\pear\\bin;w:\\modules\\php\\PHP-5.6;w:\\modules\\wget\\bin;w:\\modules\\database\\MySQL-5.6\\bin;w:\\modules\\http\\Apache-2.4\\bin;w:\\modules\\http\\Apache-2.4;C:\\windows\\system32;C:\\windows;C:\\windows\\system32\\Wbem;C:\\windows\\SysWOW64'
    'SystemRoot' => 'C:\\windows'
    'COMSPEC' => 'C:\\windows\\system32\\cmd.exe'
    'PATHEXT' => '.COM;.EXE;.BAT;.CMD;.VBS;.VBE;.JS;.JSE;.WSF;.WSH;.MSC'
    'WINDIR' => 'C:\\windows'
    'SERVER_SIGNATURE' => ''
    'SERVER_SOFTWARE' => 'Apache'
    'SERVER_NAME' => 'localhost'
    'SERVER_ADDR' => '127.0.0.1'
    'SERVER_PORT' => '80'
    'REMOTE_ADDR' => '127.0.0.1'
    'DOCUMENT_ROOT' => 'W:/domains/localhost'
    'REQUEST_SCHEME' => 'http'
    'CONTEXT_PREFIX' => ''
    'CONTEXT_DOCUMENT_ROOT' => 'W:/domains/localhost'
    'SERVER_ADMIN' => '[no address given]'
    'SCRIPT_FILENAME' => 'W:/domains/localhost/Yii/web/index.php'
    'REMOTE_PORT' => '64211'
    'GATEWAY_INTERFACE' => 'CGI/1.1'
    'SERVER_PROTOCOL' => 'HTTP/1.1'
    'REQUEST_METHOD' => 'GET'
    'QUERY_STRING' => 'r=site%2Findex'
    'REQUEST_URI' => '/Yii/web/index.php?r=site%2Findex'
    'SCRIPT_NAME' => '/Yii/web/index.php'
    'PHP_SELF' => '/Yii/web/index.php'
    'REQUEST_TIME_FLOAT' => 1532513247.504
    'REQUEST_TIME' => 1532513247
    'argv' => [
        0 => 'r=site%2Findex'
    ]
    'argc' => 1
]
2018-07-25 16:35:18 [127.0.0.1][-][0svntass2001dn5cbhu1bacav7][error][yii\web\HttpException:404] exception 'yii\base\InvalidRouteException' with message 'Unable to resolve the request "controllers/site".' in W:\domains\localhost\Yii\vendor\yiisoft\yii2\base\Module.php:537
Stack trace:
#0 W:\domains\localhost\Yii\vendor\yiisoft\yii2\web\Application.php(103): yii\base\Module->runAction('controllers/sit...', Array)
#1 W:\domains\localhost\Yii\vendor\yiisoft\yii2\base\Application.php(386): yii\web\Application->handleRequest(Object(yii\web\Request))
#2 W:\domains\localhost\Yii\web\index.php(12): yii\base\Application->run()
#3 {main}

Next exception 'yii\web\NotFoundHttpException' with message 'Page not found.' in W:\domains\localhost\Yii\vendor\yiisoft\yii2\web\Application.php:115
Stack trace:
#0 W:\domains\localhost\Yii\vendor\yiisoft\yii2\base\Application.php(386): yii\web\Application->handleRequest(Object(yii\web\Request))
#1 W:\domains\localhost\Yii\web\index.php(12): yii\base\Application->run()
#2 {main}
2018-07-25 16:35:17 [127.0.0.1][-][0svntass2001dn5cbhu1bacav7][info][application] $_GET = [
    'r' => 'controllers/site'
]

$_POST = []

$_FILES = []

$_COOKIE = [
    '_csrf' => '8960c625c45e06e46a1ab1c499affb3ce530ddf0e212a6f7c2d248d367a12d59a:2:{i:0;s:5:\"_csrf\";i:1;s:32:\"F2UUQ5pnbaMFyd5ILG8xHxg1sbMEisUQ\";}'
    'PHPSESSID' => '0svntass2001dn5cbhu1bacav7'
]

$_SESSION = [
    '__flash' => []
    'id' => '53F907C6-5BDE-501C-B275-ED6CFF661555'
    '__captcha/site/captcha' => 'yikaka'
    '__captcha/site/captchacount' => 1
]

$_SERVER = [
    'HTTP_HOST' => 'localhost'
    'HTTP_CONNECTION' => 'keep-alive'
    'HTTP_ACCEPT' => '*/*'
    'HTTP_X_CSRF_TOKEN' => 'Frmqk6YQaVa72tgGwvZd5PO-dG500FFhY2Ox0XvuI6RQi__G9yUZONm7lUC7kmitv_lMFjyoNlAQAfyUEp129Q=='
    'HTTP_X_REQUESTED_WITH' => 'XMLHttpRequest'
    'HTTP_USER_AGENT' => 'Mozilla/5.0 (Windows NT 6.3; Win64; x64) AppleWebKit/537.36 (KHTML, like Gecko) Chrome/67.0.3396.99 Safari/537.36'
    'HTTP_REFERER' => 'http://localhost/Yii/web/index.php?r=site%2Findex'
    'HTTP_ACCEPT_ENCODING' => 'gzip, deflate, br'
    'HTTP_ACCEPT_LANGUAGE' => 'ru-RU,ru;q=0.9,en-US;q=0.8,en;q=0.7'
    'HTTP_COOKIE' => '_csrf=8960c625c45e06e46a1ab1c499affb3ce530ddf0e212a6f7c2d248d367a12d59a%3A2%3A%7Bi%3A0%3Bs%3A5%3A%22_csrf%22%3Bi%3A1%3Bs%3A32%3A%22F2UUQ5pnbaMFyd5ILG8xHxg1sbMEisUQ%22%3B%7D; PHPSESSID=0svntass2001dn5cbhu1bacav7'
    'PATH' => 'w:\\modules\\php\\PHP-5.6\\ext;w:\\modules\\php\\PHP-5.6\\pear;w:\\modules\\php\\PHP-5.6\\pear\\bin;w:\\modules\\php\\PHP-5.6;w:\\modules\\wget\\bin;w:\\modules\\database\\MySQL-5.6\\bin;w:\\modules\\http\\Apache-2.4\\bin;w:\\modules\\http\\Apache-2.4;C:\\windows\\system32;C:\\windows;C:\\windows\\system32\\Wbem;C:\\windows\\SysWOW64'
    'SystemRoot' => 'C:\\windows'
    'COMSPEC' => 'C:\\windows\\system32\\cmd.exe'
    'PATHEXT' => '.COM;.EXE;.BAT;.CMD;.VBS;.VBE;.JS;.JSE;.WSF;.WSH;.MSC'
    'WINDIR' => 'C:\\windows'
    'SERVER_SIGNATURE' => ''
    'SERVER_SOFTWARE' => 'Apache'
    'SERVER_NAME' => 'localhost'
    'SERVER_ADDR' => '127.0.0.1'
    'SERVER_PORT' => '80'
    'REMOTE_ADDR' => '127.0.0.1'
    'DOCUMENT_ROOT' => 'W:/domains/localhost'
    'REQUEST_SCHEME' => 'http'
    'CONTEXT_PREFIX' => ''
    'CONTEXT_DOCUMENT_ROOT' => 'W:/domains/localhost'
    'SERVER_ADMIN' => '[no address given]'
    'SCRIPT_FILENAME' => 'W:/domains/localhost/Yii/web/index.php'
    'REMOTE_PORT' => '9277'
    'GATEWAY_INTERFACE' => 'CGI/1.1'
    'SERVER_PROTOCOL' => 'HTTP/1.1'
    'REQUEST_METHOD' => 'GET'
    'QUERY_STRING' => 'r=controllers%2Fsite'
    'REQUEST_URI' => '/Yii/web/index.php?r=controllers%2Fsite'
    'SCRIPT_NAME' => '/Yii/web/index.php'
    'PHP_SELF' => '/Yii/web/index.php'
    'REQUEST_TIME_FLOAT' => 1532525717.945
    'REQUEST_TIME' => 1532525717
    'argv' => [
        0 => 'r=controllers%2Fsite'
    ]
    'argc' => 1
]
2018-07-25 16:37:08 [127.0.0.1][-][0svntass2001dn5cbhu1bacav7][error][yii\web\HttpException:404] exception 'yii\base\InvalidRouteException' with message 'Unable to resolve the request "controllers/site".' in W:\domains\localhost\Yii\vendor\yiisoft\yii2\base\Module.php:537
Stack trace:
#0 W:\domains\localhost\Yii\vendor\yiisoft\yii2\web\Application.php(103): yii\base\Module->runAction('controllers/sit...', Array)
#1 W:\domains\localhost\Yii\vendor\yiisoft\yii2\base\Application.php(386): yii\web\Application->handleRequest(Object(yii\web\Request))
#2 W:\domains\localhost\Yii\web\index.php(12): yii\base\Application->run()
#3 {main}

Next exception 'yii\web\NotFoundHttpException' with message 'Page not found.' in W:\domains\localhost\Yii\vendor\yiisoft\yii2\web\Application.php:115
Stack trace:
#0 W:\domains\localhost\Yii\vendor\yiisoft\yii2\base\Application.php(386): yii\web\Application->handleRequest(Object(yii\web\Request))
#1 W:\domains\localhost\Yii\web\index.php(12): yii\base\Application->run()
#2 {main}
2018-07-25 16:37:08 [127.0.0.1][-][0svntass2001dn5cbhu1bacav7][info][application] $_GET = [
    'r' => 'controllers/site'
]

$_POST = []

$_FILES = []

$_COOKIE = [
    '_csrf' => '8960c625c45e06e46a1ab1c499affb3ce530ddf0e212a6f7c2d248d367a12d59a:2:{i:0;s:5:\"_csrf\";i:1;s:32:\"F2UUQ5pnbaMFyd5ILG8xHxg1sbMEisUQ\";}'
    'PHPSESSID' => '0svntass2001dn5cbhu1bacav7'
]

$_SESSION = [
    '__flash' => []
    'id' => '53F907C6-5BDE-501C-B275-ED6CFF661555'
    '__captcha/site/captcha' => 'yikaka'
    '__captcha/site/captchacount' => 1
]

$_SERVER = [
    'HTTP_HOST' => 'localhost'
    'HTTP_CONNECTION' => 'keep-alive'
    'HTTP_ACCEPT' => '*/*'
    'HTTP_X_CSRF_TOKEN' => 'fgWaq-wH0VDWYcGAWuqNMqsOuTvNqFQqYXjzGl4dm8A4N8_-vTKhPrQAjMYjjrh750mBQ4XQMxsSGr5fN27OkQ=='
    'HTTP_X_REQUESTED_WITH' => 'XMLHttpRequest'
    'HTTP_USER_AGENT' => 'Mozilla/5.0 (Windows NT 6.3; Win64; x64) AppleWebKit/537.36 (KHTML, like Gecko) Chrome/67.0.3396.99 Safari/537.36'
    'HTTP_REFERER' => 'http://localhost/Yii/web/index.php?r=site%2Findex'
    'HTTP_ACCEPT_ENCODING' => 'gzip, deflate, br'
    'HTTP_ACCEPT_LANGUAGE' => 'ru-RU,ru;q=0.9,en-US;q=0.8,en;q=0.7'
    'HTTP_COOKIE' => '_csrf=8960c625c45e06e46a1ab1c499affb3ce530ddf0e212a6f7c2d248d367a12d59a%3A2%3A%7Bi%3A0%3Bs%3A5%3A%22_csrf%22%3Bi%3A1%3Bs%3A32%3A%22F2UUQ5pnbaMFyd5ILG8xHxg1sbMEisUQ%22%3B%7D; PHPSESSID=0svntass2001dn5cbhu1bacav7'
    'PATH' => 'w:\\modules\\php\\PHP-5.6\\ext;w:\\modules\\php\\PHP-5.6\\pear;w:\\modules\\php\\PHP-5.6\\pear\\bin;w:\\modules\\php\\PHP-5.6;w:\\modules\\wget\\bin;w:\\modules\\database\\MySQL-5.6\\bin;w:\\modules\\http\\Apache-2.4\\bin;w:\\modules\\http\\Apache-2.4;C:\\windows\\system32;C:\\windows;C:\\windows\\system32\\Wbem;C:\\windows\\SysWOW64'
    'SystemRoot' => 'C:\\windows'
    'COMSPEC' => 'C:\\windows\\system32\\cmd.exe'
    'PATHEXT' => '.COM;.EXE;.BAT;.CMD;.VBS;.VBE;.JS;.JSE;.WSF;.WSH;.MSC'
    'WINDIR' => 'C:\\windows'
    'SERVER_SIGNATURE' => ''
    'SERVER_SOFTWARE' => 'Apache'
    'SERVER_NAME' => 'localhost'
    'SERVER_ADDR' => '127.0.0.1'
    'SERVER_PORT' => '80'
    'REMOTE_ADDR' => '127.0.0.1'
    'DOCUMENT_ROOT' => 'W:/domains/localhost'
    'REQUEST_SCHEME' => 'http'
    'CONTEXT_PREFIX' => ''
    'CONTEXT_DOCUMENT_ROOT' => 'W:/domains/localhost'
    'SERVER_ADMIN' => '[no address given]'
    'SCRIPT_FILENAME' => 'W:/domains/localhost/Yii/web/index.php'
    'REMOTE_PORT' => '9375'
    'GATEWAY_INTERFACE' => 'CGI/1.1'
    'SERVER_PROTOCOL' => 'HTTP/1.1'
    'REQUEST_METHOD' => 'GET'
    'QUERY_STRING' => 'r=controllers%2Fsite'
    'REQUEST_URI' => '/Yii/web/index.php?r=controllers%2Fsite'
    'SCRIPT_NAME' => '/Yii/web/index.php'
    'PHP_SELF' => '/Yii/web/index.php'
    'REQUEST_TIME_FLOAT' => 1532525828.928
    'REQUEST_TIME' => 1532525828
    'argv' => [
        0 => 'r=controllers%2Fsite'
    ]
    'argc' => 1
]
2018-07-25 16:38:41 [127.0.0.1][-][0svntass2001dn5cbhu1bacav7][error][yii\web\HttpException:404] exception 'yii\base\InvalidRouteException' with message 'Unable to resolve the request "controllers/site".' in W:\domains\localhost\Yii\vendor\yiisoft\yii2\base\Module.php:537
Stack trace:
#0 W:\domains\localhost\Yii\vendor\yiisoft\yii2\web\Application.php(103): yii\base\Module->runAction('controllers/sit...', Array)
#1 W:\domains\localhost\Yii\vendor\yiisoft\yii2\base\Application.php(386): yii\web\Application->handleRequest(Object(yii\web\Request))
#2 W:\domains\localhost\Yii\web\index.php(12): yii\base\Application->run()
#3 {main}

Next exception 'yii\web\NotFoundHttpException' with message 'Page not found.' in W:\domains\localhost\Yii\vendor\yiisoft\yii2\web\Application.php:115
Stack trace:
#0 W:\domains\localhost\Yii\vendor\yiisoft\yii2\base\Application.php(386): yii\web\Application->handleRequest(Object(yii\web\Request))
#1 W:\domains\localhost\Yii\web\index.php(12): yii\base\Application->run()
#2 {main}
2018-07-25 16:38:41 [127.0.0.1][-][0svntass2001dn5cbhu1bacav7][info][application] $_GET = [
    'r' => 'controllers/site'
]

$_POST = []

$_FILES = []

$_COOKIE = [
    '_csrf' => '8960c625c45e06e46a1ab1c499affb3ce530ddf0e212a6f7c2d248d367a12d59a:2:{i:0;s:5:\"_csrf\";i:1;s:32:\"F2UUQ5pnbaMFyd5ILG8xHxg1sbMEisUQ\";}'
    'PHPSESSID' => '0svntass2001dn5cbhu1bacav7'
]

$_SESSION = [
    '__flash' => []
    'id' => '53F907C6-5BDE-501C-B275-ED6CFF661555'
    '__captcha/site/captcha' => 'yikaka'
    '__captcha/site/captchacount' => 1
]

$_SERVER = [
    'HTTP_HOST' => 'localhost'
    'HTTP_CONNECTION' => 'keep-alive'
    'HTTP_ACCEPT' => '*/*'
    'HTTP_X_CSRF_TOKEN' => 'ZcxAUv9o3KtQkUCjgSL-XFMChZ1dQiv8FtODa9K8wnkj_hUHrl2sxTLwDeX4RssVH0W95RU6TM1lsc4uu8-XKA=='
    'HTTP_X_REQUESTED_WITH' => 'XMLHttpRequest'
    'HTTP_USER_AGENT' => 'Mozilla/5.0 (Windows NT 6.3; Win64; x64) AppleWebKit/537.36 (KHTML, like Gecko) Chrome/67.0.3396.99 Safari/537.36'
    'HTTP_REFERER' => 'http://localhost/Yii/web/index.php?r=site%2Findex'
    'HTTP_ACCEPT_ENCODING' => 'gzip, deflate, br'
    'HTTP_ACCEPT_LANGUAGE' => 'ru-RU,ru;q=0.9,en-US;q=0.8,en;q=0.7'
    'HTTP_COOKIE' => '_csrf=8960c625c45e06e46a1ab1c499affb3ce530ddf0e212a6f7c2d248d367a12d59a%3A2%3A%7Bi%3A0%3Bs%3A5%3A%22_csrf%22%3Bi%3A1%3Bs%3A32%3A%22F2UUQ5pnbaMFyd5ILG8xHxg1sbMEisUQ%22%3B%7D; PHPSESSID=0svntass2001dn5cbhu1bacav7'
    'PATH' => 'w:\\modules\\php\\PHP-5.6\\ext;w:\\modules\\php\\PHP-5.6\\pear;w:\\modules\\php\\PHP-5.6\\pear\\bin;w:\\modules\\php\\PHP-5.6;w:\\modules\\wget\\bin;w:\\modules\\database\\MySQL-5.6\\bin;w:\\modules\\http\\Apache-2.4\\bin;w:\\modules\\http\\Apache-2.4;C:\\windows\\system32;C:\\windows;C:\\windows\\system32\\Wbem;C:\\windows\\SysWOW64'
    'SystemRoot' => 'C:\\windows'
    'COMSPEC' => 'C:\\windows\\system32\\cmd.exe'
    'PATHEXT' => '.COM;.EXE;.BAT;.CMD;.VBS;.VBE;.JS;.JSE;.WSF;.WSH;.MSC'
    'WINDIR' => 'C:\\windows'
    'SERVER_SIGNATURE' => ''
    'SERVER_SOFTWARE' => 'Apache'
    'SERVER_NAME' => 'localhost'
    'SERVER_ADDR' => '127.0.0.1'
    'SERVER_PORT' => '80'
    'REMOTE_ADDR' => '127.0.0.1'
    'DOCUMENT_ROOT' => 'W:/domains/localhost'
    'REQUEST_SCHEME' => 'http'
    'CONTEXT_PREFIX' => ''
    'CONTEXT_DOCUMENT_ROOT' => 'W:/domains/localhost'
    'SERVER_ADMIN' => '[no address given]'
    'SCRIPT_FILENAME' => 'W:/domains/localhost/Yii/web/index.php'
    'REMOTE_PORT' => '9300'
    'GATEWAY_INTERFACE' => 'CGI/1.1'
    'SERVER_PROTOCOL' => 'HTTP/1.1'
    'REQUEST_METHOD' => 'GET'
    'QUERY_STRING' => 'r=controllers%2Fsite'
    'REQUEST_URI' => '/Yii/web/index.php?r=controllers%2Fsite'
    'SCRIPT_NAME' => '/Yii/web/index.php'
    'PHP_SELF' => '/Yii/web/index.php'
    'REQUEST_TIME_FLOAT' => 1532525921.262
    'REQUEST_TIME' => 1532525921
    'argv' => [
        0 => 'r=controllers%2Fsite'
    ]
    'argc' => 1
]
2018-07-25 16:38:52 [127.0.0.1][-][0svntass2001dn5cbhu1bacav7][error][yii\web\HttpException:404] exception 'yii\base\InvalidRouteException' with message 'Unable to resolve the request "controllers/site".' in W:\domains\localhost\Yii\vendor\yiisoft\yii2\base\Module.php:537
Stack trace:
#0 W:\domains\localhost\Yii\vendor\yiisoft\yii2\web\Application.php(103): yii\base\Module->runAction('controllers/sit...', Array)
#1 W:\domains\localhost\Yii\vendor\yiisoft\yii2\base\Application.php(386): yii\web\Application->handleRequest(Object(yii\web\Request))
#2 W:\domains\localhost\Yii\web\index.php(12): yii\base\Application->run()
#3 {main}

Next exception 'yii\web\NotFoundHttpException' with message 'Page not found.' in W:\domains\localhost\Yii\vendor\yiisoft\yii2\web\Application.php:115
Stack trace:
#0 W:\domains\localhost\Yii\vendor\yiisoft\yii2\base\Application.php(386): yii\web\Application->handleRequest(Object(yii\web\Request))
#1 W:\domains\localhost\Yii\web\index.php(12): yii\base\Application->run()
#2 {main}
2018-07-25 16:38:52 [127.0.0.1][-][0svntass2001dn5cbhu1bacav7][info][application] $_GET = [
    'r' => 'controllers/site'
]

$_POST = []

$_FILES = []

$_COOKIE = [
    '_csrf' => '8960c625c45e06e46a1ab1c499affb3ce530ddf0e212a6f7c2d248d367a12d59a:2:{i:0;s:5:\"_csrf\";i:1;s:32:\"F2UUQ5pnbaMFyd5ILG8xHxg1sbMEisUQ\";}'
    'PHPSESSID' => '0svntass2001dn5cbhu1bacav7'
]

$_SESSION = [
    '__flash' => []
    'id' => '53F907C6-5BDE-501C-B275-ED6CFF661555'
    '__captcha/site/captcha' => 'yikaka'
    '__captcha/site/captchacount' => 1
]

$_SERVER = [
    'HTTP_HOST' => 'localhost'
    'HTTP_CONNECTION' => 'keep-alive'
    'HTTP_ACCEPT' => '*/*'
    'HTTP_X_CSRF_TOKEN' => 'vHJclfvY3_A-9lIJjDlXTubWMB8rOZ-HvaRPt2V9VnH6QAnAqu2vnlyXH0_1XWIHqpEIZ2NB-LbOxgLyDA4DIA=='
    'HTTP_X_REQUESTED_WITH' => 'XMLHttpRequest'
    'HTTP_USER_AGENT' => 'Mozilla/5.0 (Windows NT 6.3; Win64; x64) AppleWebKit/537.36 (KHTML, like Gecko) Chrome/67.0.3396.99 Safari/537.36'
    'HTTP_REFERER' => 'http://localhost/Yii/web/index.php?r=site%2Findex'
    'HTTP_ACCEPT_ENCODING' => 'gzip, deflate, br'
    'HTTP_ACCEPT_LANGUAGE' => 'ru-RU,ru;q=0.9,en-US;q=0.8,en;q=0.7'
    'HTTP_COOKIE' => '_csrf=8960c625c45e06e46a1ab1c499affb3ce530ddf0e212a6f7c2d248d367a12d59a%3A2%3A%7Bi%3A0%3Bs%3A5%3A%22_csrf%22%3Bi%3A1%3Bs%3A32%3A%22F2UUQ5pnbaMFyd5ILG8xHxg1sbMEisUQ%22%3B%7D; PHPSESSID=0svntass2001dn5cbhu1bacav7'
    'PATH' => 'w:\\modules\\php\\PHP-5.6\\ext;w:\\modules\\php\\PHP-5.6\\pear;w:\\modules\\php\\PHP-5.6\\pear\\bin;w:\\modules\\php\\PHP-5.6;w:\\modules\\wget\\bin;w:\\modules\\database\\MySQL-5.6\\bin;w:\\modules\\http\\Apache-2.4\\bin;w:\\modules\\http\\Apache-2.4;C:\\windows\\system32;C:\\windows;C:\\windows\\system32\\Wbem;C:\\windows\\SysWOW64'
    'SystemRoot' => 'C:\\windows'
    'COMSPEC' => 'C:\\windows\\system32\\cmd.exe'
    'PATHEXT' => '.COM;.EXE;.BAT;.CMD;.VBS;.VBE;.JS;.JSE;.WSF;.WSH;.MSC'
    'WINDIR' => 'C:\\windows'
    'SERVER_SIGNATURE' => ''
    'SERVER_SOFTWARE' => 'Apache'
    'SERVER_NAME' => 'localhost'
    'SERVER_ADDR' => '127.0.0.1'
    'SERVER_PORT' => '80'
    'REMOTE_ADDR' => '127.0.0.1'
    'DOCUMENT_ROOT' => 'W:/domains/localhost'
    'REQUEST_SCHEME' => 'http'
    'CONTEXT_PREFIX' => ''
    'CONTEXT_DOCUMENT_ROOT' => 'W:/domains/localhost'
    'SERVER_ADMIN' => '[no address given]'
    'SCRIPT_FILENAME' => 'W:/domains/localhost/Yii/web/index.php'
    'REMOTE_PORT' => '9306'
    'GATEWAY_INTERFACE' => 'CGI/1.1'
    'SERVER_PROTOCOL' => 'HTTP/1.1'
    'REQUEST_METHOD' => 'GET'
    'QUERY_STRING' => 'r=controllers%2Fsite'
    'REQUEST_URI' => '/Yii/web/index.php?r=controllers%2Fsite'
    'SCRIPT_NAME' => '/Yii/web/index.php'
    'PHP_SELF' => '/Yii/web/index.php'
    'REQUEST_TIME_FLOAT' => 1532525932.183
    'REQUEST_TIME' => 1532525932
    'argv' => [
        0 => 'r=controllers%2Fsite'
    ]
    'argc' => 1
]
2018-07-25 16:42:22 [127.0.0.1][-][0svntass2001dn5cbhu1bacav7][error][yii\web\HttpException:404] exception 'yii\base\InvalidRouteException' with message 'Unable to resolve the request: site/site' in W:\domains\localhost\Yii\vendor\yiisoft\yii2\base\Controller.php:128
Stack trace:
#0 W:\domains\localhost\Yii\vendor\yiisoft\yii2\base\Module.php(528): yii\base\Controller->runAction('site', Array)
#1 W:\domains\localhost\Yii\vendor\yiisoft\yii2\web\Application.php(103): yii\base\Module->runAction('site/site', Array)
#2 W:\domains\localhost\Yii\vendor\yiisoft\yii2\base\Application.php(386): yii\web\Application->handleRequest(Object(yii\web\Request))
#3 W:\domains\localhost\Yii\web\index.php(12): yii\base\Application->run()
#4 {main}

Next exception 'yii\web\NotFoundHttpException' with message 'Page not found.' in W:\domains\localhost\Yii\vendor\yiisoft\yii2\web\Application.php:115
Stack trace:
#0 W:\domains\localhost\Yii\vendor\yiisoft\yii2\base\Application.php(386): yii\web\Application->handleRequest(Object(yii\web\Request))
#1 W:\domains\localhost\Yii\web\index.php(12): yii\base\Application->run()
#2 {main}
2018-07-25 16:42:22 [127.0.0.1][-][0svntass2001dn5cbhu1bacav7][info][application] $_GET = [
    'r' => 'site/site'
]

$_POST = []

$_FILES = []

$_COOKIE = [
    '_csrf' => '8960c625c45e06e46a1ab1c499affb3ce530ddf0e212a6f7c2d248d367a12d59a:2:{i:0;s:5:\"_csrf\";i:1;s:32:\"F2UUQ5pnbaMFyd5ILG8xHxg1sbMEisUQ\";}'
    'PHPSESSID' => '0svntass2001dn5cbhu1bacav7'
]

$_SESSION = [
    '__flash' => []
    'id' => '53F907C6-5BDE-501C-B275-ED6CFF661555'
    '__captcha/site/captcha' => 'yikaka'
    '__captcha/site/captchacount' => 1
]

$_SERVER = [
    'HTTP_HOST' => 'localhost'
    'HTTP_CONNECTION' => 'keep-alive'
    'HTTP_ACCEPT' => '*/*'
    'HTTP_X_CSRF_TOKEN' => 'WfQy4ZBqM_KPtWwu5j6i4W_H0Fr0bf79aj1CKkhVDn0fxme0wV9DnO3UIWifWpeoI4DoIrwVmcwZXw9vISZbLA=='
    'HTTP_X_REQUESTED_WITH' => 'XMLHttpRequest'
    'HTTP_USER_AGENT' => 'Mozilla/5.0 (Windows NT 6.3; Win64; x64) AppleWebKit/537.36 (KHTML, like Gecko) Chrome/67.0.3396.99 Safari/537.36'
    'HTTP_REFERER' => 'http://localhost/Yii/web/index.php?r=site%2Findex'
    'HTTP_ACCEPT_ENCODING' => 'gzip, deflate, br'
    'HTTP_ACCEPT_LANGUAGE' => 'ru-RU,ru;q=0.9,en-US;q=0.8,en;q=0.7'
    'HTTP_COOKIE' => '_csrf=8960c625c45e06e46a1ab1c499affb3ce530ddf0e212a6f7c2d248d367a12d59a%3A2%3A%7Bi%3A0%3Bs%3A5%3A%22_csrf%22%3Bi%3A1%3Bs%3A32%3A%22F2UUQ5pnbaMFyd5ILG8xHxg1sbMEisUQ%22%3B%7D; PHPSESSID=0svntass2001dn5cbhu1bacav7'
    'PATH' => 'w:\\modules\\php\\PHP-5.6\\ext;w:\\modules\\php\\PHP-5.6\\pear;w:\\modules\\php\\PHP-5.6\\pear\\bin;w:\\modules\\php\\PHP-5.6;w:\\modules\\wget\\bin;w:\\modules\\database\\MySQL-5.6\\bin;w:\\modules\\http\\Apache-2.4\\bin;w:\\modules\\http\\Apache-2.4;C:\\windows\\system32;C:\\windows;C:\\windows\\system32\\Wbem;C:\\windows\\SysWOW64'
    'SystemRoot' => 'C:\\windows'
    'COMSPEC' => 'C:\\windows\\system32\\cmd.exe'
    'PATHEXT' => '.COM;.EXE;.BAT;.CMD;.VBS;.VBE;.JS;.JSE;.WSF;.WSH;.MSC'
    'WINDIR' => 'C:\\windows'
    'SERVER_SIGNATURE' => ''
    'SERVER_SOFTWARE' => 'Apache'
    'SERVER_NAME' => 'localhost'
    'SERVER_ADDR' => '127.0.0.1'
    'SERVER_PORT' => '80'
    'REMOTE_ADDR' => '127.0.0.1'
    'DOCUMENT_ROOT' => 'W:/domains/localhost'
    'REQUEST_SCHEME' => 'http'
    'CONTEXT_PREFIX' => ''
    'CONTEXT_DOCUMENT_ROOT' => 'W:/domains/localhost'
    'SERVER_ADMIN' => '[no address given]'
    'SCRIPT_FILENAME' => 'W:/domains/localhost/Yii/web/index.php'
    'REMOTE_PORT' => '9268'
    'GATEWAY_INTERFACE' => 'CGI/1.1'
    'SERVER_PROTOCOL' => 'HTTP/1.1'
    'REQUEST_METHOD' => 'GET'
    'QUERY_STRING' => 'r=site%2Fsite'
    'REQUEST_URI' => '/Yii/web/index.php?r=site%2Fsite'
    'SCRIPT_NAME' => '/Yii/web/index.php'
    'PHP_SELF' => '/Yii/web/index.php'
    'REQUEST_TIME_FLOAT' => 1532526141.989
    'REQUEST_TIME' => 1532526141
    'argv' => [
        0 => 'r=site%2Fsite'
    ]
    'argc' => 1
]
2018-07-25 17:35:45 [127.0.0.1][-][0svntass2001dn5cbhu1bacav7][error][yii\base\UnknownPropertyException] exception 'yii\base\UnknownPropertyException' with message 'Setting unknown property: yii\bootstrap\Modal::backdrop' in W:\domains\localhost\Yii\vendor\yiisoft\yii2\base\Component.php:209
Stack trace:
#0 W:\domains\localhost\Yii\vendor\yiisoft\yii2\BaseYii.php(546): yii\base\Component->__set('backdrop', 'static')
#1 W:\domains\localhost\Yii\vendor\yiisoft\yii2\base\BaseObject.php(107): yii\BaseYii::configure(Object(yii\bootstrap\Modal), Array)
#2 [internal function]: yii\base\BaseObject->__construct(Array)
#3 W:\domains\localhost\Yii\vendor\yiisoft\yii2\di\Container.php(383): ReflectionClass->newInstanceArgs(Array)
#4 W:\domains\localhost\Yii\vendor\yiisoft\yii2\di\Container.php(156): yii\di\Container->build('yii\\bootstrap\\M...', Array, Array)
#5 W:\domains\localhost\Yii\vendor\yiisoft\yii2\BaseYii.php(349): yii\di\Container->get('yii\\bootstrap\\M...', Array, Array)
#6 W:\domains\localhost\Yii\vendor\yiisoft\yii2\base\Widget.php(89): yii\BaseYii::createObject(Array)
#7 W:\domains\localhost\Yii\views\site\index.php(29): yii\base\Widget::begin(Array)
#8 W:\domains\localhost\Yii\vendor\yiisoft\yii2\base\View.php(336): require('W:\\domains\\loca...')
#9 W:\domains\localhost\Yii\vendor\yiisoft\yii2\base\View.php(254): yii\base\View->renderPhpFile('W:\\domains\\loca...', Array)
#10 W:\domains\localhost\Yii\vendor\yiisoft\yii2\base\View.php(156): yii\base\View->renderFile('W:\\domains\\loca...', Array, Object(app\controllers\SiteController))
#11 W:\domains\localhost\Yii\vendor\yiisoft\yii2\base\Controller.php(384): yii\base\View->render('index', Array, Object(app\controllers\SiteController))
#12 W:\domains\localhost\Yii\controllers\SiteController.php(64): yii\base\Controller->render('index')
#13 [internal function]: app\controllers\SiteController->actionIndex()
#14 W:\domains\localhost\Yii\vendor\yiisoft\yii2\base\InlineAction.php(57): call_user_func_array(Array, Array)
#15 W:\domains\localhost\Yii\vendor\yiisoft\yii2\base\Controller.php(157): yii\base\InlineAction->runWithParams(Array)
#16 W:\domains\localhost\Yii\vendor\yiisoft\yii2\base\Module.php(528): yii\base\Controller->runAction('index', Array)
#17 W:\domains\localhost\Yii\vendor\yiisoft\yii2\web\Application.php(103): yii\base\Module->runAction('site/index', Array)
#18 W:\domains\localhost\Yii\vendor\yiisoft\yii2\base\Application.php(386): yii\web\Application->handleRequest(Object(yii\web\Request))
#19 W:\domains\localhost\Yii\web\index.php(12): yii\base\Application->run()
#20 {main}
2018-07-25 17:35:45 [127.0.0.1][-][0svntass2001dn5cbhu1bacav7][info][application] $_GET = [
    'r' => 'site/index'
]

$_POST = []

$_FILES = []

$_COOKIE = [
    '_csrf' => '8960c625c45e06e46a1ab1c499affb3ce530ddf0e212a6f7c2d248d367a12d59a:2:{i:0;s:5:\"_csrf\";i:1;s:32:\"F2UUQ5pnbaMFyd5ILG8xHxg1sbMEisUQ\";}'
    'PHPSESSID' => '0svntass2001dn5cbhu1bacav7'
]

$_SESSION = [
    '__flash' => []
    'id' => '53F907C6-5BDE-501C-B275-ED6CFF661555'
    '__captcha/site/captcha' => 'yikaka'
    '__captcha/site/captchacount' => 1
]

$_SERVER = [
    'HTTP_HOST' => 'localhost'
    'HTTP_CONNECTION' => 'keep-alive'
    'HTTP_PRAGMA' => 'no-cache'
    'HTTP_CACHE_CONTROL' => 'no-cache'
    'HTTP_UPGRADE_INSECURE_REQUESTS' => '1'
    'HTTP_USER_AGENT' => 'Mozilla/5.0 (Windows NT 6.3; Win64; x64) AppleWebKit/537.36 (KHTML, like Gecko) Chrome/67.0.3396.99 Safari/537.36'
    'HTTP_ACCEPT' => 'text/html,application/xhtml+xml,application/xml;q=0.9,image/webp,image/apng,*/*;q=0.8'
    'HTTP_REFERER' => 'http://localhost/Yii/web/index.php?r=site%2Fabout'
    'HTTP_ACCEPT_ENCODING' => 'gzip, deflate, br'
    'HTTP_ACCEPT_LANGUAGE' => 'ru-RU,ru;q=0.9,en-US;q=0.8,en;q=0.7'
    'HTTP_COOKIE' => '_csrf=8960c625c45e06e46a1ab1c499affb3ce530ddf0e212a6f7c2d248d367a12d59a%3A2%3A%7Bi%3A0%3Bs%3A5%3A%22_csrf%22%3Bi%3A1%3Bs%3A32%3A%22F2UUQ5pnbaMFyd5ILG8xHxg1sbMEisUQ%22%3B%7D; PHPSESSID=0svntass2001dn5cbhu1bacav7'
    'PATH' => 'w:\\modules\\php\\PHP-5.6\\ext;w:\\modules\\php\\PHP-5.6\\pear;w:\\modules\\php\\PHP-5.6\\pear\\bin;w:\\modules\\php\\PHP-5.6;w:\\modules\\wget\\bin;w:\\modules\\database\\MySQL-5.6\\bin;w:\\modules\\http\\Apache-2.4\\bin;w:\\modules\\http\\Apache-2.4;C:\\windows\\system32;C:\\windows;C:\\windows\\system32\\Wbem;C:\\windows\\SysWOW64'
    'SystemRoot' => 'C:\\windows'
    'COMSPEC' => 'C:\\windows\\system32\\cmd.exe'
    'PATHEXT' => '.COM;.EXE;.BAT;.CMD;.VBS;.VBE;.JS;.JSE;.WSF;.WSH;.MSC'
    'WINDIR' => 'C:\\windows'
    'SERVER_SIGNATURE' => ''
    'SERVER_SOFTWARE' => 'Apache'
    'SERVER_NAME' => 'localhost'
    'SERVER_ADDR' => '127.0.0.1'
    'SERVER_PORT' => '80'
    'REMOTE_ADDR' => '127.0.0.1'
    'DOCUMENT_ROOT' => 'W:/domains/localhost'
    'REQUEST_SCHEME' => 'http'
    'CONTEXT_PREFIX' => ''
    'CONTEXT_DOCUMENT_ROOT' => 'W:/domains/localhost'
    'SERVER_ADMIN' => '[no address given]'
    'SCRIPT_FILENAME' => 'W:/domains/localhost/Yii/web/index.php'
    'REMOTE_PORT' => '9234'
    'GATEWAY_INTERFACE' => 'CGI/1.1'
    'SERVER_PROTOCOL' => 'HTTP/1.1'
    'REQUEST_METHOD' => 'GET'
    'QUERY_STRING' => 'r=site%2Findex'
    'REQUEST_URI' => '/Yii/web/index.php?r=site%2Findex'
    'SCRIPT_NAME' => '/Yii/web/index.php'
    'PHP_SELF' => '/Yii/web/index.php'
    'REQUEST_TIME_FLOAT' => 1532529345.708
    'REQUEST_TIME' => 1532529345
    'argv' => [
        0 => 'r=site%2Findex'
    ]
    'argc' => 1
]
2018-07-25 17:36:03 [127.0.0.1][-][0svntass2001dn5cbhu1bacav7][error][yii\base\UnknownPropertyException] exception 'yii\base\UnknownPropertyException' with message 'Setting unknown property: yii\bootstrap\Modal::keyboard' in W:\domains\localhost\Yii\vendor\yiisoft\yii2\base\Component.php:209
Stack trace:
#0 W:\domains\localhost\Yii\vendor\yiisoft\yii2\BaseYii.php(546): yii\base\Component->__set('keyboard', false)
#1 W:\domains\localhost\Yii\vendor\yiisoft\yii2\base\BaseObject.php(107): yii\BaseYii::configure(Object(yii\bootstrap\Modal), Array)
#2 [internal function]: yii\base\BaseObject->__construct(Array)
#3 W:\domains\localhost\Yii\vendor\yiisoft\yii2\di\Container.php(383): ReflectionClass->newInstanceArgs(Array)
#4 W:\domains\localhost\Yii\vendor\yiisoft\yii2\di\Container.php(156): yii\di\Container->build('yii\\bootstrap\\M...', Array, Array)
#5 W:\domains\localhost\Yii\vendor\yiisoft\yii2\BaseYii.php(349): yii\di\Container->get('yii\\bootstrap\\M...', Array, Array)
#6 W:\domains\localhost\Yii\vendor\yiisoft\yii2\base\Widget.php(89): yii\BaseYii::createObject(Array)
#7 W:\domains\localhost\Yii\views\site\index.php(29): yii\base\Widget::begin(Array)
#8 W:\domains\localhost\Yii\vendor\yiisoft\yii2\base\View.php(336): require('W:\\domains\\loca...')
#9 W:\domains\localhost\Yii\vendor\yiisoft\yii2\base\View.php(254): yii\base\View->renderPhpFile('W:\\domains\\loca...', Array)
#10 W:\domains\localhost\Yii\vendor\yiisoft\yii2\base\View.php(156): yii\base\View->renderFile('W:\\domains\\loca...', Array, Object(app\controllers\SiteController))
#11 W:\domains\localhost\Yii\vendor\yiisoft\yii2\base\Controller.php(384): yii\base\View->render('index', Array, Object(app\controllers\SiteController))
#12 W:\domains\localhost\Yii\controllers\SiteController.php(64): yii\base\Controller->render('index')
#13 [internal function]: app\controllers\SiteController->actionIndex()
#14 W:\domains\localhost\Yii\vendor\yiisoft\yii2\base\InlineAction.php(57): call_user_func_array(Array, Array)
#15 W:\domains\localhost\Yii\vendor\yiisoft\yii2\base\Controller.php(157): yii\base\InlineAction->runWithParams(Array)
#16 W:\domains\localhost\Yii\vendor\yiisoft\yii2\base\Module.php(528): yii\base\Controller->runAction('index', Array)
#17 W:\domains\localhost\Yii\vendor\yiisoft\yii2\web\Application.php(103): yii\base\Module->runAction('site/index', Array)
#18 W:\domains\localhost\Yii\vendor\yiisoft\yii2\base\Application.php(386): yii\web\Application->handleRequest(Object(yii\web\Request))
#19 W:\domains\localhost\Yii\web\index.php(12): yii\base\Application->run()
#20 {main}
2018-07-25 17:36:03 [127.0.0.1][-][0svntass2001dn5cbhu1bacav7][info][application] $_GET = [
    'r' => 'site/index'
]

$_POST = []

$_FILES = []

$_COOKIE = [
    '_csrf' => '8960c625c45e06e46a1ab1c499affb3ce530ddf0e212a6f7c2d248d367a12d59a:2:{i:0;s:5:\"_csrf\";i:1;s:32:\"F2UUQ5pnbaMFyd5ILG8xHxg1sbMEisUQ\";}'
    'PHPSESSID' => '0svntass2001dn5cbhu1bacav7'
]

$_SESSION = [
    '__flash' => []
    'id' => '53F907C6-5BDE-501C-B275-ED6CFF661555'
    '__captcha/site/captcha' => 'yikaka'
    '__captcha/site/captchacount' => 1
]

$_SERVER = [
    'HTTP_HOST' => 'localhost'
    'HTTP_CONNECTION' => 'keep-alive'
    'HTTP_PRAGMA' => 'no-cache'
    'HTTP_CACHE_CONTROL' => 'no-cache'
    'HTTP_UPGRADE_INSECURE_REQUESTS' => '1'
    'HTTP_USER_AGENT' => 'Mozilla/5.0 (Windows NT 6.3; Win64; x64) AppleWebKit/537.36 (KHTML, like Gecko) Chrome/67.0.3396.99 Safari/537.36'
    'HTTP_ACCEPT' => 'text/html,application/xhtml+xml,application/xml;q=0.9,image/webp,image/apng,*/*;q=0.8'
    'HTTP_REFERER' => 'http://localhost/Yii/web/index.php?r=site%2Fabout'
    'HTTP_ACCEPT_ENCODING' => 'gzip, deflate, br'
    'HTTP_ACCEPT_LANGUAGE' => 'ru-RU,ru;q=0.9,en-US;q=0.8,en;q=0.7'
    'HTTP_COOKIE' => '_csrf=8960c625c45e06e46a1ab1c499affb3ce530ddf0e212a6f7c2d248d367a12d59a%3A2%3A%7Bi%3A0%3Bs%3A5%3A%22_csrf%22%3Bi%3A1%3Bs%3A32%3A%22F2UUQ5pnbaMFyd5ILG8xHxg1sbMEisUQ%22%3B%7D; PHPSESSID=0svntass2001dn5cbhu1bacav7'
    'PATH' => 'w:\\modules\\php\\PHP-5.6\\ext;w:\\modules\\php\\PHP-5.6\\pear;w:\\modules\\php\\PHP-5.6\\pear\\bin;w:\\modules\\php\\PHP-5.6;w:\\modules\\wget\\bin;w:\\modules\\database\\MySQL-5.6\\bin;w:\\modules\\http\\Apache-2.4\\bin;w:\\modules\\http\\Apache-2.4;C:\\windows\\system32;C:\\windows;C:\\windows\\system32\\Wbem;C:\\windows\\SysWOW64'
    'SystemRoot' => 'C:\\windows'
    'COMSPEC' => 'C:\\windows\\system32\\cmd.exe'
    'PATHEXT' => '.COM;.EXE;.BAT;.CMD;.VBS;.VBE;.JS;.JSE;.WSF;.WSH;.MSC'
    'WINDIR' => 'C:\\windows'
    'SERVER_SIGNATURE' => ''
    'SERVER_SOFTWARE' => 'Apache'
    'SERVER_NAME' => 'localhost'
    'SERVER_ADDR' => '127.0.0.1'
    'SERVER_PORT' => '80'
    'REMOTE_ADDR' => '127.0.0.1'
    'DOCUMENT_ROOT' => 'W:/domains/localhost'
    'REQUEST_SCHEME' => 'http'
    'CONTEXT_PREFIX' => ''
    'CONTEXT_DOCUMENT_ROOT' => 'W:/domains/localhost'
    'SERVER_ADMIN' => '[no address given]'
    'SCRIPT_FILENAME' => 'W:/domains/localhost/Yii/web/index.php'
    'REMOTE_PORT' => '9270'
    'GATEWAY_INTERFACE' => 'CGI/1.1'
    'SERVER_PROTOCOL' => 'HTTP/1.1'
    'REQUEST_METHOD' => 'GET'
    'QUERY_STRING' => 'r=site%2Findex'
    'REQUEST_URI' => '/Yii/web/index.php?r=site%2Findex'
    'SCRIPT_NAME' => '/Yii/web/index.php'
    'PHP_SELF' => '/Yii/web/index.php'
    'REQUEST_TIME_FLOAT' => 1532529363.528
    'REQUEST_TIME' => 1532529363
    'argv' => [
        0 => 'r=site%2Findex'
    ]
    'argc' => 1
]
